  Source.cpp
e:\workspace\snake and ladders project\snake and ladders project\source.cpp(98): warning C4326: return type of 'main' should be 'int' instead of 'void'
e:\workspace\snake and ladders project\snake and ladders project\source.cpp(99): warning C4244: 'argument': conversion from 'time_t' to 'unsigned int', possible loss of data
e:\workspace\snake and ladders project\snake and ladders project\source.cpp(123): warning C4244: 'argument': conversion from 'float' to 'unsigned int', possible loss of data
e:\workspace\snake and ladders project\snake and ladders project\source.cpp(125): warning C4244: 'argument': conversion from 'float' to 'T', possible loss of data
          with
          [
              T=int
          ]
e:\workspace\snake and ladders project\snake and ladders project\source.cpp(136): warning C4101: 'event': unreferenced local variable
e:\workspace\snake and ladders project\snake and ladders project\source.cpp(153): warning C4244: 'argument': conversion from 'T' to 'float', possible loss of data
          with
          [
              T=unsigned int
          ]
e:\workspace\snake and ladders project\snake and ladders project\source.cpp(221): warning C4244: 'argument': conversion from 'T' to 'float', possible loss of data
          with
          [
              T=unsigned int
          ]
e:\workspace\snake and ladders project\snake and ladders project\source.cpp(344): warning C4244: 'argument': conversion from 'T' to 'float', possible loss of data
          with
          [
              T=unsigned int
          ]
e:\workspace\snake and ladders project\snake and ladders project\source.cpp(360): warning C4244: 'argument': conversion from 'double' to 'float', possible loss of data
e:\workspace\snake and ladders project\snake and ladders project\source.cpp(365): warning C4244: 'argument': conversion from 'double' to 'float', possible loss of data
e:\workspace\snake and ladders project\snake and ladders project\source.cpp(370): warning C4244: 'argument': conversion from 'double' to 'float', possible loss of data
e:\workspace\snake and ladders project\snake and ladders project\source.cpp(376): warning C4244: 'argument': conversion from 'double' to 'float', possible loss of data
e:\workspace\snake and ladders project\snake and ladders project\source.cpp(490): warning C4244: 'argument': conversion from 'T' to 'float', possible loss of data
          with
          [
              T=unsigned int
          ]
e:\workspace\snake and ladders project\snake and ladders project\source.cpp(506): warning C4244: 'argument': conversion from 'double' to 'float', possible loss of data
e:\workspace\snake and ladders project\snake and ladders project\source.cpp(511): warning C4244: 'argument': conversion from 'double' to 'float', possible loss of data
e:\workspace\snake and ladders project\snake and ladders project\source.cpp(516): warning C4244: 'argument': conversion from 'double' to 'float', possible loss of data
e:\workspace\snake and ladders project\snake and ladders project\source.cpp(521): warning C4244: 'argument': conversion from 'double' to 'float', possible loss of data
e:\workspace\snake and ladders project\snake and ladders project\source.cpp(527): warning C4244: 'argument': conversion from 'double' to 'float', possible loss of data
e:\workspace\snake and ladders project\snake and ladders project\source.cpp(533): warning C4244: 'argument': conversion from 'double' to 'float', possible loss of data
e:\workspace\snake and ladders project\snake and ladders project\source.cpp(677): warning C4244: 'argument': conversion from 'T' to 'float', possible loss of data
          with
          [
              T=unsigned int
          ]
e:\workspace\snake and ladders project\snake and ladders project\source.cpp(693): warning C4244: 'argument': conversion from 'double' to 'float', possible loss of data
e:\workspace\snake and ladders project\snake and ladders project\source.cpp(698): warning C4244: 'argument': conversion from 'double' to 'float', possible loss of data
e:\workspace\snake and ladders project\snake and ladders project\source.cpp(703): warning C4244: 'argument': conversion from 'double' to 'float', possible loss of data
e:\workspace\snake and ladders project\snake and ladders project\source.cpp(708): warning C4244: 'argument': conversion from 'double' to 'float', possible loss of data
e:\workspace\snake and ladders project\snake and ladders project\source.cpp(713): warning C4244: 'argument': conversion from 'double' to 'float', possible loss of data
e:\workspace\snake and ladders project\snake and ladders project\source.cpp(719): warning C4244: 'argument': conversion from 'double' to 'float', possible loss of data
e:\workspace\snake and ladders project\snake and ladders project\source.cpp(725): warning C4244: 'argument': conversion from 'double' to 'float', possible loss of data
e:\workspace\snake and ladders project\snake and ladders project\source.cpp(731): warning C4244: 'argument': conversion from 'double' to 'float', possible loss of data
e:\workspace\snake and ladders project\snake and ladders project\source.cpp(964): warning C4244: 'argument': conversion from 'T' to 'float', possible loss of data
          with
          [
              T=unsigned int
          ]
e:\workspace\snake and ladders project\snake and ladders project\source.cpp(1109): warning C4244: '=': conversion from 'double' to 'float', possible loss of data
e:\workspace\snake and ladders project\snake and ladders project\source.cpp(1130): warning C4244: 'argument': conversion from 'float' to 'T', possible loss of data
          with
          [
              T=int
          ]
e:\workspace\snake and ladders project\snake and ladders project\source.cpp(1130): warning C4244: 'argument': conversion from 'double' to 'T', possible loss of data
          with
          [
              T=int
          ]
e:\workspace\snake and ladders project\snake and ladders project\source.cpp(1132): warning C4244: 'argument': conversion from 'T' to 'T', possible loss of data
          with
          [
              T=unsigned int
          ]
          and
          [
              T=float
          ]
e:\workspace\snake and ladders project\snake and ladders project\source.cpp(1208): warning C4244: '=': conversion from 'double' to 'float', possible loss of data
e:\workspace\snake and ladders project\snake and ladders project\source.cpp(1231): warning C4244: 'argument': conversion from 'float' to 'T', possible loss of data
          with
          [
              T=int
          ]
e:\workspace\snake and ladders project\snake and ladders project\source.cpp(1231): warning C4244: 'argument': conversion from 'double' to 'T', possible loss of data
          with
          [
              T=int
          ]
e:\workspace\snake and ladders project\snake and ladders project\source.cpp(1233): warning C4244: 'argument': conversion from 'T' to 'T', possible loss of data
          with
          [
              T=unsigned int
          ]
          and
          [
              T=float
          ]
e:\workspace\snake and ladders project\snake and ladders project\source.cpp(1562): warning C4244: 'argument': conversion from 'double' to 'T', possible loss of data
          with
          [
              T=float
          ]
e:\workspace\snake and ladders project\snake and ladders project\source.cpp(1611): warning C4244: 'argument': conversion from 'float' to 'unsigned int', possible loss of data
e:\workspace\snake and ladders project\snake and ladders project\source.cpp(1613): warning C4244: 'argument': conversion from 'float' to 'T', possible loss of data
          with
          [
              T=int
          ]
e:\workspace\snake and ladders project\snake and ladders project\source.cpp(1615): warning C4244: 'argument': conversion from 'T' to 'float', possible loss of data
          with
          [
              T=unsigned int
          ]
e:\workspace\snake and ladders project\snake and ladders project\source.cpp(1626): warning C4244: 'argument': conversion from 'T' to 'T', possible loss of data
          with
          [
              T=unsigned int
          ]
          and
          [
              T=float
          ]
e:\workspace\snake and ladders project\snake and ladders project\source.cpp(1747): warning C4244: 'argument': conversion from 'T' to 'T', possible loss of data
          with
          [
              T=unsigned int
          ]
          and
          [
              T=float
          ]
e:\workspace\snake and ladders project\snake and ladders project\source.cpp(1864): warning C4244: 'argument': conversion from 'double' to 'float', possible loss of data
e:\workspace\snake and ladders project\snake and ladders project\source.cpp(1870): warning C4244: 'argument': conversion from 'double' to 'float', possible loss of data
e:\workspace\snake and ladders project\snake and ladders project\source.cpp(1876): warning C4244: 'argument': conversion from 'double' to 'float', possible loss of data
e:\workspace\snake and ladders project\snake and ladders project\source.cpp(1884): warning C4244: 'argument': conversion from 'double' to 'float', possible loss of data
e:\workspace\snake and ladders project\snake and ladders project\source.cpp(1893): warning C4244: 'argument': conversion from 'double' to 'float', possible loss of data
e:\workspace\snake and ladders project\snake and ladders project\source.cpp(1899): warning C4244: 'argument': conversion from 'double' to 'float', possible loss of data
e:\workspace\snake and ladders project\snake and ladders project\source.cpp(1948): warning C4244: 'argument': conversion from 'T' to 'float', possible loss of data
          with
          [
              T=unsigned int
          ]
  Snake and Ladders Project.vcxproj -> E:\WorkSpace\Snake and Ladders Project\x64\Debug\Snake and Ladders Project.exe
